2023-04-22 17:39:37.705  INFO 8395 --- [main] c.e.S.SpringBootDemoApplication          : Starting SpringBootDemoApplication using Java 1.8.0_351 on michaelodhiambo with PID 8395 (/home/michael/Desktop/spring-boot/2.5/2.5.1/SpringBootDemoApplication/target/classes started by michael in /home/michael/Desktop/spring-boot/2.5/2.5.1/SpringBootDemoApplication)
2023-04-22 17:39:37.712  INFO 8395 --- [main] c.e.S.SpringBootDemoApplication          : No active profile set, falling back to 1 default profile: "default"
2023-04-22 17:39:39.801  INFO 8395 --- [main] o.s.b.w.embedded.tomcat.TomcatWebServer  : Tomcat initialized with port(s): 8080 (http)
2023-04-22 17:39:39.817  INFO 8395 --- [main] o.apache.catalina.core.StandardService   : Starting service [Tomcat]
2023-04-22 17:39:39.818  INFO 8395 --- [main] org.apache.catalina.core.StandardEngine  : Starting Servlet engine: [Apache Tomcat/9.0.74]
2023-04-22 17:39:40.013  INFO 8395 --- [main] o.a.c.c.C.[Tomcat].[localhost].[/]       : Initializing Spring embedded WebApplicationContext
2023-04-22 17:39:40.014  INFO 8395 --- [main] w.s.c.ServletWebServerApplicationContext : Root WebApplicationContext: initialization completed in 2125 ms
2023-04-22 17:39:40.879  INFO 8395 --- [main] o.s.b.a.e.web.EndpointLinksResolver      : Exposing 1 endpoint(s) beneath base path '/actuator'
2023-04-22 17:39:40.950  INFO 8395 --- [main] o.s.b.w.embedded.tomcat.TomcatWebServer  : Tomcat started on port(s): 8080 (http) with context path ''
2023-04-22 17:39:40.983  INFO 8395 --- [main] c.e.S.SpringBootDemoApplication          : Started SpringBootDemoApplication in 4.052 seconds (JVM running for 4.699)
2023-04-22 17:39:41.328 ERROR 8395 --- [main] c.e.S.SpringBootDemoApplication          : A constraint violation has occurred.Violation details: [ConstraintViolationImpl{interpolatedMessage='A course should have a minimum of 1 rating', propertyPath=rating, rootBeanClass=class com.example.SpringBootDemoApplication.models.Course, messageTemplate='A course should have a minimum of 1 rating'}].
2023-04-22 17:39:41.331 ERROR 8395 --- [main] c.e.S.SpringBootDemoApplication          : A constraint violation has occurred.Violation details: [ConstraintViolationImpl{interpolatedMessage='Course description field cannot be empty', propertyPath=description, rootBeanClass=class com.example.SpringBootDemoApplication.models.Course, messageTemplate='Course description field cannot be empty'}].
2023-04-22 17:39:41.331 ERROR 8395 --- [main] c.e.S.SpringBootDemoApplication          : A constraint violation has occurred.Violation details: [ConstraintViolationImpl{interpolatedMessage='Course name field can't be empty', propertyPath=name, rootBeanClass=class com.example.SpringBootDemoApplication.models.Course, messageTemplate='Course name field can't be empty'}].
2023-04-22 17:39:41.332 ERROR 8395 --- [main] c.e.S.SpringBootDemoApplication          : A constraint violation has occurred.Violation details: [ConstraintViolationImpl{interpolatedMessage='Course category field can't be empty', propertyPath=category, rootBeanClass=class com.example.SpringBootDemoApplication.models.Course, messageTemplate='Course category field can't be empty'}].
2023-04-22 17:41:23.697  INFO 8477 --- [main] c.e.S.SpringBootDemoApplication          : Starting SpringBootDemoApplication using Java 1.8.0_351 on michaelodhiambo with PID 8477 (/home/michael/Desktop/spring-boot/2.5/2.5.1/SpringBootDemoApplication/target/classes started by michael in /home/michael/Desktop/spring-boot/2.5/2.5.1/SpringBootDemoApplication)
2023-04-22 17:41:23.704  INFO 8477 --- [main] c.e.S.SpringBootDemoApplication          : No active profile set, falling back to 1 default profile: "default"
2023-04-22 17:41:25.761  INFO 8477 --- [main] o.s.b.w.embedded.tomcat.TomcatWebServer  : Tomcat initialized with port(s): 8080 (http)
2023-04-22 17:41:25.776  INFO 8477 --- [main] o.apache.catalina.core.StandardService   : Starting service [Tomcat]
2023-04-22 17:41:25.777  INFO 8477 --- [main] org.apache.catalina.core.StandardEngine  : Starting Servlet engine: [Apache Tomcat/9.0.74]
2023-04-22 17:41:25.976  INFO 8477 --- [main] o.a.c.c.C.[Tomcat].[localhost].[/]       : Initializing Spring embedded WebApplicationContext
2023-04-22 17:41:25.977  INFO 8477 --- [main] w.s.c.ServletWebServerApplicationContext : Root WebApplicationContext: initialization completed in 2154 ms
2023-04-22 17:41:26.850  INFO 8477 --- [main] o.s.b.a.e.web.EndpointLinksResolver      : Exposing 1 endpoint(s) beneath base path '/actuator'
2023-04-22 17:41:26.925  INFO 8477 --- [main] o.s.b.w.embedded.tomcat.TomcatWebServer  : Tomcat started on port(s): 8080 (http) with context path ''
2023-04-22 17:41:26.959  INFO 8477 --- [main] c.e.S.SpringBootDemoApplication          : Started SpringBootDemoApplication in 4.021 seconds (JVM running for 4.634)
2023-04-22 17:41:27.328 ERROR 8477 --- [main] c.e.S.SpringBootDemoApplication          : A constraint violation has occurred.Violation details: [ConstraintViolationImpl{interpolatedMessage='A course should have a minimum of 1 rating', propertyPath=rating, rootBeanClass=class com.example.SpringBootDemoApplication.models.Course, messageTemplate='A course should have a minimum of 1 rating'}].
2023-04-22 17:41:27.331 ERROR 8477 --- [main] c.e.S.SpringBootDemoApplication          : A constraint violation has occurred.Violation details: [ConstraintViolationImpl{interpolatedMessage='Course description field cannot be empty', propertyPath=description, rootBeanClass=class com.example.SpringBootDemoApplication.models.Course, messageTemplate='Course description field cannot be empty'}].
2023-04-22 17:41:27.331 ERROR 8477 --- [main] c.e.S.SpringBootDemoApplication          : A constraint violation has occurred.Violation details: [ConstraintViolationImpl{interpolatedMessage='Course name field can't be empty', propertyPath=name, rootBeanClass=class com.example.SpringBootDemoApplication.models.Course, messageTemplate='Course name field can't be empty'}].
2023-04-22 17:41:27.332 ERROR 8477 --- [main] c.e.S.SpringBootDemoApplication          : A constraint violation has occurred.Violation details: [ConstraintViolationImpl{interpolatedMessage='Course category field can't be empty', propertyPath=category, rootBeanClass=class com.example.SpringBootDemoApplication.models.Course, messageTemplate='Course category field can't be empty'}].
